* using log directory ‘/Users/fernandoromerogarcia/Documents/GitHub/RPackages/surveyA3Madrid.Rcheck’
* using R version 3.6.0 (2019-04-26)
* using platform: x86_64-apple-darwin15.6.0 (64-bit)
* using session charset: UTF-8
* using options ‘--no-manual --as-cran’
* checking for file ‘surveyA3Madrid/DESCRIPTION’ ... OK
* checking extension type ... Package
* this is package ‘surveyA3Madrid’ version ‘0.1.0’
* package encoding: UTF-8
* checking package namespace information ... OK
* checking package dependencies ... OK
* checking if this is a source package ... OK
* checking if there is a namespace ... OK
* checking for executable files ... OK
* checking for hidden files and directories ... OK
* checking for portable file names ... NOTE
Found the following non-portable file paths:
  surveyA3Madrid/vignettes/models_carpool_cache/html/unnamed-chunk-2_f6c9466741f3de010ad2b56a225b3d3a.RData
  surveyA3Madrid/vignettes/models_carpool_cache/html/unnamed-chunk-2_f6c9466741f3de010ad2b56a225b3d3a.rdb
  surveyA3Madrid/vignettes/models_carpool_cache/html/unnamed-chunk-2_f6c9466741f3de010ad2b56a225b3d3a.rdx
  surveyA3Madrid/vignettes/models_carpool_cache/html/unnamed-chunk-3_ad88939c49e469efd33dc8bad35a6a1d.RData
  surveyA3Madrid/vignettes/models_carpool_cache/html/unnamed-chunk-3_ad88939c49e469efd33dc8bad35a6a1d.rdb
  surveyA3Madrid/vignettes/models_carpool_cache/html/unnamed-chunk-3_ad88939c49e469efd33dc8bad35a6a1d.rdx
  surveyA3Madrid/vignettes/models_carpool_cache/html/unnamed-chunk-4_42eaed7ff53945e0d78ef338aa5e1024.RData
  surveyA3Madrid/vignettes/models_carpool_cache/html/unnamed-chunk-4_42eaed7ff53945e0d78ef338aa5e1024.rdb
  surveyA3Madrid/vignettes/models_carpool_cache/html/unnamed-chunk-4_42eaed7ff53945e0d78ef338aa5e1024.rdx
  surveyA3Madrid/vignettes/models_carpool_cache/html/unnamed-chunk-5_23cf9b48e0d2e33472209b9a532e4ee9.RData
  surveyA3Madrid/vignettes/models_carpool_cache/html/unnamed-chunk-5_23cf9b48e0d2e33472209b9a532e4ee9.rdb
  surveyA3Madrid/vignettes/models_carpool_cache/html/unnamed-chunk-5_23cf9b48e0d2e33472209b9a532e4ee9.rdx
  surveyA3Madrid/vignettes/models_carpool_cache/html/unnamed-chunk-6_e0ff1ab15e88103c5b14972e6d280609.RData
  surveyA3Madrid/vignettes/models_carpool_cache/html/unnamed-chunk-6_e0ff1ab15e88103c5b14972e6d280609.rdb
  surveyA3Madrid/vignettes/models_carpool_cache/html/unnamed-chunk-6_e0ff1ab15e88103c5b14972e6d280609.rdx
  surveyA3Madrid/vignettes/models_carpool_cache/latex/unnamed-chunk-2_105146a41bed98db3acc6ac32c04e2a3.RData
  surveyA3Madrid/vignettes/models_carpool_cache/latex/unnamed-chunk-2_105146a41bed98db3acc6ac32c04e2a3.rdb
  surveyA3Madrid/vignettes/models_carpool_cache/latex/unnamed-chunk-2_105146a41bed98db3acc6ac32c04e2a3.rdx
  surveyA3Madrid/vignettes/models_carpool_cache/latex/unnamed-chunk-3_4cf17e769901ec83f725f6be831a63b6.RData
  surveyA3Madrid/vignettes/models_carpool_cache/latex/unnamed-chunk-3_4cf17e769901ec83f725f6be831a63b6.rdb
  surveyA3Madrid/vignettes/models_carpool_cache/latex/unnamed-chunk-3_4cf17e769901ec83f725f6be831a63b6.rdx
  surveyA3Madrid/vignettes/models_carpool_cache/latex/unnamed-chunk-4_470f4bc6e1de16938eb05b341ad4c906.RData
  surveyA3Madrid/vignettes/models_carpool_cache/latex/unnamed-chunk-4_470f4bc6e1de16938eb05b341ad4c906.rdb
  surveyA3Madrid/vignettes/models_carpool_cache/latex/unnamed-chunk-4_470f4bc6e1de16938eb05b341ad4c906.rdx
  surveyA3Madrid/vignettes/models_carpool_cache/latex/unnamed-chunk-5_e4580ed8dd0a3f99a910b2424d34233a.RData
  surveyA3Madrid/vignettes/models_carpool_cache/latex/unnamed-chunk-5_e4580ed8dd0a3f99a910b2424d34233a.rdb
  surveyA3Madrid/vignettes/models_carpool_cache/latex/unnamed-chunk-5_e4580ed8dd0a3f99a910b2424d34233a.rdx
  surveyA3Madrid/vignettes/models_carpool_cache/latex/unnamed-chunk-6_15d50132db1aa56e6711ed8065be280a.RData
  surveyA3Madrid/vignettes/models_carpool_cache/latex/unnamed-chunk-6_15d50132db1aa56e6711ed8065be280a.rdb
  surveyA3Madrid/vignettes/models_carpool_cache/latex/unnamed-chunk-6_15d50132db1aa56e6711ed8065be280a.rdx
  surveyA3Madrid/vignettes/models_carpool_cache/latex/unnamed-chunk-7_5167c0ff2b9b1582d5b739ef7e943083.RData
  surveyA3Madrid/vignettes/models_carpool_cache/latex/unnamed-chunk-7_5167c0ff2b9b1582d5b739ef7e943083.rdb
  surveyA3Madrid/vignettes/models_carpool_cache/latex/unnamed-chunk-7_5167c0ff2b9b1582d5b739ef7e943083.rdx

Tarballs are only required to store paths of up to 100 bytes and cannot
store those of more than 256 bytes, with restrictions including to 100
bytes for the final component.
See section ‘Package structure’ in the ‘Writing R Extensions’ manual.
* checking for sufficient/correct file permissions ... OK
* checking whether package ‘surveyA3Madrid’ can be installed ... OK
* checking installed package size ... OK
* checking package directory ... OK
* checking for future file timestamps ... OK
* checking DESCRIPTION meta-information ... OK
* checking top-level files ... OK
* checking for left-over files ... OK
* checking index information ... OK
* checking package subdirectories ... OK
* checking R files for non-ASCII characters ... OK
* checking R files for syntax errors ... OK
* checking whether the package can be loaded ... OK
* checking whether the package can be loaded with stated dependencies ... OK
* checking whether the package can be unloaded cleanly ... OK
* checking whether the namespace can be loaded with stated dependencies ... OK
* checking whether the namespace can be unloaded cleanly ... OK
* checking dependencies in R code ... OK
* checking S3 generic/method consistency ... OK
* checking replacement functions ... OK
* checking foreign function calls ... OK
* checking R code for possible problems ... NOTE
contingencyTables: no visible binding for global variable
  ‘dataSurveyA3’
Undefined global functions or variables:
  dataSurveyA3
* checking Rd files ... OK
* checking Rd metadata ... OK
* checking Rd line widths ... OK
* checking Rd cross-references ... OK
* checking for missing documentation entries ... OK
* checking for code/documentation mismatches ... OK
* checking Rd \usage sections ... OK
* checking Rd contents ... OK
* checking for unstated dependencies in examples ... OK
* checking contents of ‘data’ directory ... OK
* checking data for non-ASCII characters ... OK
* checking data for ASCII and uncompressed saves ... OK
* checking files in ‘vignettes’ ... WARNING
Files in the 'vignettes' directory but no files in 'inst/doc':
  ‘models_carpool.Rmd’, ‘models_carpool.nb.html’,
    ‘models_carpool_cache/html/__packages’,
    ‘models_carpool_cache/html/setup_fd31cad6af0ae24fcdd6fadec3838f1e.RData’,
    ‘models_carpool_cache/html/setup_fd31cad6af0ae24fcdd6fadec3838f1e.rdb’,
    ‘models_carpool_cache/html/setup_fd31cad6af0ae24fcdd6fadec3838f1e.rdx’,
    ‘models_carpool_cache/html/unnamed-chunk-2_f6c9466741f3de010ad2b56a225b3d3a.RData’,
    ‘models_carpool_cache/html/unnamed-chunk-2_f6c9466741f3de010ad2b56a225b3d3a.rdb’,
    ‘models_carpool_cache/html/unnamed-chunk-2_f6c9466741f3de010ad2b56a225b3d3a.rdx’,
    ‘models_carpool_cache/html/unnamed-chunk-3_ad88939c49e469efd33dc8bad35a6a1d.RData’,
    ‘models_carpool_cache/html/unnamed-chunk-3_ad88939c49e469efd33dc8bad35a6a1d.rdb’,
    ‘models_carpool_cache/html/unnamed-chunk-3_ad88939c49e469efd33dc8bad35a6a1d.rdx’,
    ‘models_carpool_cache/html/unnamed-chunk-4_42eaed7ff53945e0d78ef338aa5e1024.RData’,
    ‘models_carpool_cache/html/unnamed-chunk-4_42eaed7ff53945e0d78ef338aa5e1024.rdb’,
    ‘models_carpool_cache/html/unnamed-chunk-4_42eaed7ff53945e0d78ef338aa5e1024.rdx’,
    ‘models_carpool_cache/html/unnamed-chunk-5_23cf9b48e0d2e33472209b9a532e4ee9.RData’,
    ‘models_carpool_cache/html/unnamed-chunk-5_23cf9b48e0d2e33472209b9a532e4ee9.rdb’,
    ‘models_carpool_cache/html/unnamed-chunk-5_23cf9b48e0d2e33472209b9a532e4ee9.rdx’,
    ‘models_carpool_cache/html/unnamed-chunk-6_e0ff1ab15e88103c5b14972e6d280609.RData’,
    ‘models_carpool_cache/html/unnamed-chunk-6_e0ff1ab15e88103c5b14972e6d280609.rdb’,
    ‘models_carpool_cache/html/unnamed-chunk-6_e0ff1ab15e88103c5b14972e6d280609.rdx’,
    ‘models_carpool_cache/latex/__packages’,
    ‘models_carpool_cache/latex/setup_1d270832da9efbb4a1ba7d314b091ee9.RData’,
    ‘models_carpool_cache/latex/setup_1d270832da9efbb4a1ba7d314b091ee9.rdb’,
    ‘models_carpool_cache/latex/setup_1d270832da9efbb4a1ba7d314b091ee9.rdx’,
    ‘models_carpool_cache/latex/unnamed-chunk-2_105146a41bed98db3acc6ac32c04e2a3.RData’,
    ‘models_carpool_cache/latex/unnamed-chunk-2_105146a41bed98db3acc6ac32c04e2a3.rdb’,
    ‘models_carpool_cache/latex/unnamed-chunk-2_105146a41bed98db3acc6ac32c04e2a3.rdx’,
    ‘models_carpool_cache/latex/unnamed-chunk-3_4cf17e769901ec83f725f6be831a63b6.RData’,
    ‘models_carpool_cache/latex/unnamed-chunk-3_4cf17e769901ec83f725f6be831a63b6.rdb’,
    ‘models_carpool_cache/latex/unnamed-chunk-3_4cf17e769901ec83f725f6be831a63b6.rdx’,
    ‘models_carpool_cache/latex/unnamed-chunk-4_470f4bc6e1de16938eb05b341ad4c906.RData’,
    ‘models_carpool_cache/latex/unnamed-chunk-4_470f4bc6e1de16938eb05b341ad4c906.rdb’,
    ‘models_carpool_cache/latex/unnamed-chunk-4_470f4bc6e1de16938eb05b341ad4c906.rdx’,
    ‘models_carpool_cache/latex/unnamed-chunk-5_e4580ed8dd0a3f99a910b2424d34233a.RData’,
    ‘models_carpool_cache/latex/unnamed-chunk-5_e4580ed8dd0a3f99a910b2424d34233a.rdb’,
    ‘models_carpool_cache/latex/unnamed-chunk-5_e4580ed8dd0a3f99a910b2424d34233a.rdx’,
    ‘models_carpool_cache/latex/unnamed-chunk-6_15d50132db1aa56e6711ed8065be280a.RData’,
    ‘models_carpool_cache/latex/unnamed-chunk-6_15d50132db1aa56e6711ed8065be280a.rdb’,
    ‘models_carpool_cache/latex/unnamed-chunk-6_15d50132db1aa56e6711ed8065be280a.rdx’,
    ‘models_carpool_cache/latex/unnamed-chunk-7_5167c0ff2b9b1582d5b739ef7e943083.RData’,
    ‘models_carpool_cache/latex/unnamed-chunk-7_5167c0ff2b9b1582d5b739ef7e943083.rdb’,
    ‘models_carpool_cache/latex/unnamed-chunk-7_5167c0ff2b9b1582d5b739ef7e943083.rdx’
Files named as vignettes but with no recognized vignette engine:
   ‘vignettes/models_carpool.Rmd’
(Is a VignetteBuilder field missing?)
* checking examples ... OK
* DONE
Status: 1 WARNING, 2 NOTEs
